Using pre-set license
Built from '2020.3/staging' branch; Version is '2020.3.5f1 (8095aa901b9b) revision 8426922'; Using compiler version '192528614'; Build Type 'Release'
OS: 'Windows 10 Pro; OS build 19042.985; Version 2009; 64bit' Language: 'en' Physical Memory: 16204 MB
BatchMode: 1, IsHumanControllingUs: 0, StartBugReporterOnCrash: 0, Is64bit: 1, IsPro: 0

 COMMAND LINE ARGUMENTS:
C:\Program Files\Unity\Hub\Editor\2020.3.5f1\Editor\Unity.exe
-adb2
-batchMode
-noUpm
-name
AssetImportWorker0
-projectPath
C:/Users/False/Documents/JOJIADAISUDHAU/TCC/IA_Game/Jogo
-logFile
Logs/AssetImportWorker0.log
-srvPort
58399
Successfully changed project path to: C:/Users/False/Documents/JOJIADAISUDHAU/TCC/IA_Game/Jogo
C:/Users/False/Documents/JOJIADAISUDHAU/TCC/IA_Game/Jogo
Using Asset Import Pipeline V2.
Refreshing native plugins compatible for Editor in 35.43 ms, found 1 plugins.
Preloading 0 native plugins for Editor in 0.00 ms.
Initialize engine version: 2020.3.5f1 (8095aa901b9b)
[Subsystems] Discovering subsystems at path C:/Program Files/Unity/Hub/Editor/2020.3.5f1/Editor/Data/Resources/UnitySubsystems
[Subsystems] Discovering subsystems at path C:/Users/False/Documents/JOJIADAISUDHAU/TCC/IA_Game/Jogo/Assets
GfxDevice: creating device client; threaded=0
Direct3D:
    Version:  Direct3D 11.0 [level 11.1]
    Renderer: NVIDIA GeForce GTX 1050 (ID=0x1c91)
    Vendor:   
    VRAM:     2996 MB
    Driver:   27.21.14.6611
Initialize mono
Mono path[0] = 'C:/Program Files/Unity/Hub/Editor/2020.3.5f1/Editor/Data/Managed'
Mono path[1] = 'C:/Program Files/Unity/Hub/Editor/2020.3.5f1/Editor/Data/MonoBleedingEdge/lib/mono/unityjit'
Mono config path = 'C:/Program Files/Unity/Hub/Editor/2020.3.5f1/Editor/Data/MonoBleedingEdge/etc'
Using monoOptions --debugger-agent=transport=dt_socket,embedding=1,server=y,suspend=n,address=127.0.0.1:56808
Begin MonoManager ReloadAssembly
Registering precompiled unity dll's ...
Register platform support module: C:/Program Files/Unity/Hub/Editor/2020.3.5f1/Editor/Data/PlaybackEngines/WebGLSupport/UnityEditor.WebGL.Extensions.dll
Register platform support module: C:/Program Files/Unity/Hub/Editor/2020.3.5f1/Editor/Data/PlaybackEngines/WindowsStandaloneSupport/UnityEditor.WindowsStandalone.Extensions.dll
Registered in 0.002023 seconds.
Native extension for WindowsStandalone target not found
Native extension for WebGL target not found
Refreshing native plugins compatible for Editor in 35.73 ms, found 1 plugins.
Preloading 0 native plugins for Editor in 0.00 ms.
Mono: successfully reloaded assembly
- Completed reload, in  0.970 seconds
Platform modules already initialized, skipping
Registering precompiled user dll's ...
Registered in 0.000843 seconds.
Begin MonoManager ReloadAssembly
Native extension for WindowsStandalone target not found
Native extension for WebGL target not found
Refreshing native plugins compatible for Editor in 36.75 ms, found 1 plugins.
Preloading 0 native plugins for Editor in 0.00 ms.
Mono: successfully reloaded assembly
- Completed reload, in  0.853 seconds
Platform modules already initialized, skipping
========================================================================
Worker process is ready to serve import requests
Launched and connected shader compiler UnityShaderCompiler.exe after 0.04 seconds
Refreshing native plugins compatible for Editor in 0.42 ms, found 1 plugins.
Preloading 0 native plugins for Editor in 0.00 ms.
Unloading 1813 Unused Serialized files (Serialized files now loaded: 0)
System memory in use before: 85.0 MB.
System memory in use after: 85.1 MB.

Unloading 19 unused Assets to reduce memory usage. Loaded Objects now: 2261.
Total: 2.381400 ms (FindLiveObjects: 0.217900 ms CreateObjectMapping: 0.175200 ms MarkObjects: 1.907400 ms  DeleteObjects: 0.079500 ms)

========================================================================
Received Import Request.
  path: Assets/Script/Player.cs
  artifactKey: Guid(61069a39a5b691044a2f620b26c83ba9) Importer(815301076,1909f56bfc062723c751e8b465ee728b)
Start importing Assets/Script/Player.cs using Guid(61069a39a5b691044a2f620b26c83ba9) Importer(815301076,1909f56bfc062723c751e8b465ee728b)  -> (artifact id: '0f2d2c1c394da16e3c9eb58a8c254d07') in 0.024291 seconds
  Import took 0.026846 seconds .

========================================================================
Received Prepare
Registering precompiled user dll's ...
Registered in 0.000874 seconds.
Begin MonoManager ReloadAssembly
Native extension for WindowsStandalone target not found
Native extension for WebGL target not found
Refreshing native plugins compatible for Editor in 0.35 ms, found 1 plugins.
Preloading 0 native plugins for Editor in 0.00 ms.
Mono: successfully reloaded assembly
- Completed reload, in  0.808 seconds
Platform modules already initialized, skipping
Refreshing native plugins compatible for Editor in 0.35 ms, found 1 plugins.
Preloading 0 native plugins for Editor in 0.00 ms.
Unloading 1804 Unused Serialized files (Serialized files now loaded: 0)
System memory in use before: 84.6 MB.
System memory in use after: 84.7 MB.

Unloading 8 unused Assets to reduce memory usage. Loaded Objects now: 2264.
Total: 1.875000 ms (FindLiveObjects: 0.186300 ms CreateObjectMapping: 0.080000 ms MarkObjects: 1.596000 ms  DeleteObjects: 0.011900 ms)

========================================================================
Received Import Request.
  Time since last request: 157.846847 seconds.
  path: Assets/Script/Player.cs
  artifactKey: Guid(61069a39a5b691044a2f620b26c83ba9) Importer(815301076,1909f56bfc062723c751e8b465ee728b)
Start importing Assets/Script/Player.cs using Guid(61069a39a5b691044a2f620b26c83ba9) Importer(815301076,1909f56bfc062723c751e8b465ee728b)  -> (artifact id: 'e8511a577a0ee578e2a71534b8864993') in 0.007691 seconds
  Import took 0.010347 seconds .

========================================================================
Received Prepare
Registering precompiled user dll's ...
Registered in 0.000918 seconds.
Begin MonoManager ReloadAssembly
Native extension for WindowsStandalone target not found
Native extension for WebGL target not found
Refreshing native plugins compatible for Editor in 0.52 ms, found 1 plugins.
Preloading 0 native plugins for Editor in 0.00 ms.
Mono: successfully reloaded assembly
- Completed reload, in  0.868 seconds
Platform modules already initialized, skipping
Refreshing native plugins compatible for Editor in 0.35 ms, found 1 plugins.
Preloading 0 native plugins for Editor in 0.00 ms.
Unloading 1804 Unused Serialized files (Serialized files now loaded: 0)
System memory in use before: 84.6 MB.
System memory in use after: 84.7 MB.

Unloading 8 unused Assets to reduce memory usage. Loaded Objects now: 2267.
Total: 1.823600 ms (FindLiveObjects: 0.184100 ms CreateObjectMapping: 0.071100 ms MarkObjects: 1.554300 ms  DeleteObjects: 0.012900 ms)

========================================================================
Received Import Request.
  Time since last request: 356.745369 seconds.
  path: Assets/Script/Player.cs
  artifactKey: Guid(61069a39a5b691044a2f620b26c83ba9) Importer(815301076,1909f56bfc062723c751e8b465ee728b)
Start importing Assets/Script/Player.cs using Guid(61069a39a5b691044a2f620b26c83ba9) Importer(815301076,1909f56bfc062723c751e8b465ee728b)  -> (artifact id: '7a1b05a8cce90cad2e092e7ed5edd680') in 0.008851 seconds
  Import took 0.012140 seconds .

========================================================================
Received Prepare
Registering precompiled user dll's ...
Registered in 0.000867 seconds.
Begin MonoManager ReloadAssembly
Native extension for WindowsStandalone target not found
Native extension for WebGL target not found
Refreshing native plugins compatible for Editor in 0.51 ms, found 1 plugins.
Preloading 0 native plugins for Editor in 0.00 ms.
Mono: successfully reloaded assembly
- Completed reload, in  0.951 seconds
Platform modules already initialized, skipping
Refreshing native plugins compatible for Editor in 0.45 ms, found 1 plugins.
Preloading 0 native plugins for Editor in 0.00 ms.
Unloading 1804 Unused Serialized files (Serialized files now loaded: 0)
System memory in use before: 84.7 MB.
System memory in use after: 84.8 MB.

Unloading 8 unused Assets to reduce memory usage. Loaded Objects now: 2270.
Total: 2.130300 ms (FindLiveObjects: 0.210200 ms CreateObjectMapping: 0.094600 ms MarkObjects: 1.806800 ms  DeleteObjects: 0.016500 ms)

========================================================================
Received Import Request.
  Time since last request: 37.735919 seconds.
  path: Assets/Script/Player.cs
  artifactKey: Guid(61069a39a5b691044a2f620b26c83ba9) Importer(815301076,1909f56bfc062723c751e8b465ee728b)
Start importing Assets/Script/Player.cs using Guid(61069a39a5b691044a2f620b26c83ba9) Importer(815301076,1909f56bfc062723c751e8b465ee728b)  -> (artifact id: '96ff41e250ebb68fbe324b536fde11d9') in 0.004716 seconds
  Import took 0.007628 seconds .

========================================================================
Received Prepare
Registering precompiled user dll's ...
Registered in 0.001079 seconds.
Begin MonoManager ReloadAssembly
Native extension for WindowsStandalone target not found
Native extension for WebGL target not found
Refreshing native plugins compatible for Editor in 0.38 ms, found 1 plugins.
Preloading 0 native plugins for Editor in 0.00 ms.
Mono: successfully reloaded assembly
- Completed reload, in  0.899 seconds
Platform modules already initialized, skipping
Refreshing native plugins compatible for Editor in 0.39 ms, found 1 plugins.
Preloading 0 native plugins for Editor in 0.00 ms.
Unloading 1804 Unused Serialized files (Serialized files now loaded: 0)
System memory in use before: 84.7 MB.
System memory in use after: 84.8 MB.

Unloading 8 unused Assets to reduce memory usage. Loaded Objects now: 2273.
Total: 2.044600 ms (FindLiveObjects: 0.202900 ms CreateObjectMapping: 0.084700 ms MarkObjects: 1.739000 ms  DeleteObjects: 0.016800 ms)

========================================================================
Received Prepare
Registering precompiled user dll's ...
Registered in 0.000878 seconds.
Begin MonoManager ReloadAssembly
Native extension for WindowsStandalone target not found
Native extension for WebGL target not found
Refreshing native plugins compatible for Editor in 0.38 ms, found 1 plugins.
Preloading 0 native plugins for Editor in 0.00 ms.
Mono: successfully reloaded assembly
- Completed reload, in  1.047 seconds
Platform modules already initialized, skipping
Refreshing native plugins compatible for Editor in 0.41 ms, found 1 plugins.
Preloading 0 native plugins for Editor in 0.00 ms.
Unloading 1804 Unused Serialized files (Serialized files now loaded: 0)
System memory in use before: 84.7 MB.
System memory in use after: 84.8 MB.

Unloading 8 unused Assets to reduce memory usage. Loaded Objects now: 2276.
Total: 2.186500 ms (FindLiveObjects: 0.211200 ms CreateObjectMapping: 0.090600 ms MarkObjects: 1.868700 ms  DeleteObjects: 0.014400 ms)

========================================================================
Received Import Request.
  Time since last request: 289.533960 seconds.
  path: Assets/Script/Player.cs
  artifactKey: Guid(61069a39a5b691044a2f620b26c83ba9) Importer(815301076,1909f56bfc062723c751e8b465ee728b)
Start importing Assets/Script/Player.cs using Guid(61069a39a5b691044a2f620b26c83ba9) Importer(815301076,1909f56bfc062723c751e8b465ee728b)  -> (artifact id: 'cd2c7013a696efaa85f2c995d38706f0') in 0.005847 seconds
  Import took 0.010407 seconds .

========================================================================
Received Prepare
Registering precompiled user dll's ...
Registered in 0.000876 seconds.
Begin MonoManager ReloadAssembly
Native extension for WindowsStandalone target not found
Native extension for WebGL target not found
Refreshing native plugins compatible for Editor in 0.38 ms, found 1 plugins.
Preloading 0 native plugins for Editor in 0.00 ms.
Mono: successfully reloaded assembly
- Completed reload, in  0.884 seconds
Platform modules already initialized, skipping
Refreshing native plugins compatible for Editor in 0.52 ms, found 1 plugins.
Preloading 0 native plugins for Editor in 0.00 ms.
Unloading 1804 Unused Serialized files (Serialized files now loaded: 0)
System memory in use before: 84.7 MB.
System memory in use after: 84.8 MB.

Unloading 8 unused Assets to reduce memory usage. Loaded Objects now: 2279.
Total: 2.276900 ms (FindLiveObjects: 0.187700 ms CreateObjectMapping: 0.100500 ms MarkObjects: 1.968400 ms  DeleteObjects: 0.018500 ms)

========================================================================
Received Import Request.
  Time since last request: 9.237802 seconds.
  path: Assets/Script/Player.cs
  artifactKey: Guid(61069a39a5b691044a2f620b26c83ba9) Importer(815301076,1909f56bfc062723c751e8b465ee728b)
Start importing Assets/Script/Player.cs using Guid(61069a39a5b691044a2f620b26c83ba9) Importer(815301076,1909f56bfc062723c751e8b465ee728b)  -> (artifact id: 'feed05e8ee146fb7307b713c1b5f4313') in 0.007701 seconds
  Import took 0.010634 seconds .

========================================================================
Received Prepare
Registering precompiled user dll's ...
Registered in 0.000891 seconds.
Begin MonoManager ReloadAssembly
Native extension for WindowsStandalone target not found
Native extension for WebGL target not found
Refreshing native plugins compatible for Editor in 0.38 ms, found 1 plugins.
Preloading 0 native plugins for Editor in 0.00 ms.
Mono: successfully reloaded assembly
- Completed reload, in  0.876 seconds
Platform modules already initialized, skipping
Refreshing native plugins compatible for Editor in 0.36 ms, found 1 plugins.
Preloading 0 native plugins for Editor in 0.00 ms.
Unloading 1804 Unused Serialized files (Serialized files now loaded: 0)
System memory in use before: 84.7 MB.
System memory in use after: 84.8 MB.

Unloading 8 unused Assets to reduce memory usage. Loaded Objects now: 2282.
Total: 2.741000 ms (FindLiveObjects: 0.558300 ms CreateObjectMapping: 0.121400 ms MarkObjects: 2.042400 ms  DeleteObjects: 0.016800 ms)

========================================================================
Received Import Request.
  Time since last request: 21.640603 seconds.
  path: Assets/Script/Player.cs
  artifactKey: Guid(61069a39a5b691044a2f620b26c83ba9) Importer(815301076,1909f56bfc062723c751e8b465ee728b)
Start importing Assets/Script/Player.cs using Guid(61069a39a5b691044a2f620b26c83ba9) Importer(815301076,1909f56bfc062723c751e8b465ee728b)  -> (artifact id: '471815a91e01b15980cd91f9e2dde3c5') in 0.005098 seconds
  Import took 0.008478 seconds .

========================================================================
Received Prepare
Registering precompiled user dll's ...
Registered in 0.000850 seconds.
Begin MonoManager ReloadAssembly
Native extension for WindowsStandalone target not found
Native extension for WebGL target not found
Refreshing native plugins compatible for Editor in 0.36 ms, found 1 plugins.
Preloading 0 native plugins for Editor in 0.00 ms.
Mono: successfully reloaded assembly
- Completed reload, in  0.816 seconds
Platform modules already initialized, skipping
Refreshing native plugins compatible for Editor in 0.34 ms, found 1 plugins.
Preloading 0 native plugins for Editor in 0.00 ms.
Unloading 1804 Unused Serialized files (Serialized files now loaded: 0)
System memory in use before: 84.7 MB.
System memory in use after: 84.8 MB.

Unloading 8 unused Assets to reduce memory usage. Loaded Objects now: 2285.
Total: 1.757300 ms (FindLiveObjects: 0.172300 ms CreateObjectMapping: 0.077600 ms MarkObjects: 1.493300 ms  DeleteObjects: 0.013300 ms)

========================================================================
Received Import Request.
  Time since last request: 230.922634 seconds.
  path: Assets/Script/Player.cs
  artifactKey: Guid(61069a39a5b691044a2f620b26c83ba9) Importer(815301076,1909f56bfc062723c751e8b465ee728b)
Start importing Assets/Script/Player.cs using Guid(61069a39a5b691044a2f620b26c83ba9) Importer(815301076,1909f56bfc062723c751e8b465ee728b)  -> (artifact id: 'b4e0ca4acbb65502519f2ebf7f97737b') in 0.006622 seconds
  Import took 0.009334 seconds .

========================================================================
Received Prepare
Registering precompiled user dll's ...
Registered in 0.001069 seconds.
Begin MonoManager ReloadAssembly
Native extension for WindowsStandalone target not found
Native extension for WebGL target not found
Refreshing native plugins compatible for Editor in 0.35 ms, found 1 plugins.
Preloading 0 native plugins for Editor in 0.00 ms.
Mono: successfully reloaded assembly
- Completed reload, in  0.819 seconds
Platform modules already initialized, skipping
Refreshing native plugins compatible for Editor in 0.36 ms, found 1 plugins.
Preloading 0 native plugins for Editor in 0.00 ms.
Unloading 1804 Unused Serialized files (Serialized files now loaded: 0)
System memory in use before: 84.7 MB.
System memory in use after: 84.8 MB.

Unloading 8 unused Assets to reduce memory usage. Loaded Objects now: 2288.
Total: 1.942200 ms (FindLiveObjects: 0.290800 ms CreateObjectMapping: 0.104100 ms MarkObjects: 1.531000 ms  DeleteObjects: 0.015100 ms)

AssetImportWorkerClient::OnTransportError - code=2 error=End of file
