Using pre-set license
Built from '2020.3/staging' branch; Version is '2020.3.5f1 (8095aa901b9b) revision 8426922'; Using compiler version '192528614'; Build Type 'Release'
OS: 'Windows 10 Pro; OS build 19042.985; Version 2009; 64bit' Language: 'pt' Physical Memory: 16337 MB
BatchMode: 1, IsHumanControllingUs: 0, StartBugReporterOnCrash: 0, Is64bit: 1, IsPro: 0

 COMMAND LINE ARGUMENTS:
C:\Program Files\Unity\Hub\Editor\2020.3.5f1\Editor\Unity.exe
-adb2
-batchMode
-noUpm
-name
AssetImportWorker0
-projectPath
C:/Users/Hiro/Desktop/facul/TCC/IA_Game/Jogo
-logFile
Logs/AssetImportWorker0.log
-srvPort
50327
Successfully changed project path to: C:/Users/Hiro/Desktop/facul/TCC/IA_Game/Jogo
C:/Users/Hiro/Desktop/facul/TCC/IA_Game/Jogo
Using Asset Import Pipeline V2.
Refreshing native plugins compatible for Editor in 67.39 ms, found 1 plugins.
Preloading 0 native plugins for Editor in 0.00 ms.
Initialize engine version: 2020.3.5f1 (8095aa901b9b)
[Subsystems] Discovering subsystems at path C:/Program Files/Unity/Hub/Editor/2020.3.5f1/Editor/Data/Resources/UnitySubsystems
[Subsystems] Discovering subsystems at path C:/Users/Hiro/Desktop/facul/TCC/IA_Game/Jogo/Assets
GfxDevice: creating device client; threaded=0
Direct3D:
    Version:  Direct3D 11.0 [level 11.1]
    Renderer: NVIDIA GeForce GTX 1650 (ID=0x1f0a)
    Vendor:   
    VRAM:     3961 MB
    Driver:   27.21.14.5671
Initialize mono
Mono path[0] = 'C:/Program Files/Unity/Hub/Editor/2020.3.5f1/Editor/Data/Managed'
Mono path[1] = 'C:/Program Files/Unity/Hub/Editor/2020.3.5f1/Editor/Data/MonoBleedingEdge/lib/mono/unityjit'
Mono config path = 'C:/Program Files/Unity/Hub/Editor/2020.3.5f1/Editor/Data/MonoBleedingEdge/etc'
Using monoOptions --debugger-agent=transport=dt_socket,embedding=1,server=y,suspend=n,address=127.0.0.1:56984
Begin MonoManager ReloadAssembly
Registering precompiled unity dll's ...
Register platform support module: C:/Program Files/Unity/Hub/Editor/2020.3.5f1/Editor/Data/PlaybackEngines/WindowsStandaloneSupport/UnityEditor.WindowsStandalone.Extensions.dll
Registered in 0.003328 seconds.
Native extension for WindowsStandalone target not found
Refreshing native plugins compatible for Editor in 94.31 ms, found 1 plugins.
Preloading 0 native plugins for Editor in 0.00 ms.
Mono: successfully reloaded assembly
- Completed reload, in  5.530 seconds
Platform modules already initialized, skipping
Registering precompiled user dll's ...
Registered in 0.004876 seconds.
Begin MonoManager ReloadAssembly
Native extension for WindowsStandalone target not found
Refreshing native plugins compatible for Editor in 73.29 ms, found 1 plugins.
Preloading 0 native plugins for Editor in 0.00 ms.
Mono: successfully reloaded assembly
- Completed reload, in  1.702 seconds
Platform modules already initialized, skipping
========================================================================
Worker process is ready to serve import requests
Launched and connected shader compiler UnityShaderCompiler.exe after 0.05 seconds
Refreshing native plugins compatible for Editor in 0.44 ms, found 1 plugins.
Preloading 0 native plugins for Editor in 0.00 ms.
Unloading 1813 Unused Serialized files (Serialized files now loaded: 0)
System memory in use before: 85.0 MB.
System memory in use after: 85.1 MB.

Unloading 19 unused Assets to reduce memory usage. Loaded Objects now: 2261.
Total: 3.030800 ms (FindLiveObjects: 0.386200 ms CreateObjectMapping: 0.170500 ms MarkObjects: 2.377500 ms  DeleteObjects: 0.094500 ms)

========================================================================
Received Import Request.
  path: Assets/Script/ProceduralGenerationScript.cs
  artifactKey: Guid(b17d9d8a0b7fd784a969dc20d0ee2171) Importer(815301076,1909f56bfc062723c751e8b465ee728b)
Start importing Assets/Script/ProceduralGenerationScript.cs using Guid(b17d9d8a0b7fd784a969dc20d0ee2171) Importer(815301076,1909f56bfc062723c751e8b465ee728b)  -> (artifact id: 'f587a77fce007f884464ad055173e799') in 0.069632 seconds
  Import took 0.074055 seconds .

========================================================================
Received Prepare
Registering precompiled user dll's ...
Registered in 0.001269 seconds.
Begin MonoManager ReloadAssembly
Native extension for WindowsStandalone target not found
Refreshing native plugins compatible for Editor in 1.47 ms, found 1 plugins.
Preloading 0 native plugins for Editor in 0.00 ms.
Mono: successfully reloaded assembly
- Completed reload, in  1.444 seconds
Platform modules already initialized, skipping
Refreshing native plugins compatible for Editor in 0.43 ms, found 1 plugins.
Preloading 0 native plugins for Editor in 0.00 ms.
Unloading 1804 Unused Serialized files (Serialized files now loaded: 0)
System memory in use before: 84.6 MB.
System memory in use after: 84.7 MB.

Unloading 8 unused Assets to reduce memory usage. Loaded Objects now: 2264.
Total: 2.647900 ms (FindLiveObjects: 0.304000 ms CreateObjectMapping: 0.141200 ms MarkObjects: 2.182500 ms  DeleteObjects: 0.018400 ms)

========================================================================
Received Prepare
Registering precompiled user dll's ...
Registered in 0.001841 seconds.
Begin MonoManager ReloadAssembly
Native extension for WindowsStandalone target not found
Refreshing native plugins compatible for Editor in 0.38 ms, found 1 plugins.
Preloading 0 native plugins for Editor in 0.00 ms.
Mono: successfully reloaded assembly
- Completed reload, in  1.147 seconds
Platform modules already initialized, skipping
Refreshing native plugins compatible for Editor in 0.59 ms, found 1 plugins.
Preloading 0 native plugins for Editor in 0.00 ms.
Unloading 1804 Unused Serialized files (Serialized files now loaded: 0)
System memory in use before: 84.6 MB.
System memory in use after: 84.8 MB.

Unloading 8 unused Assets to reduce memory usage. Loaded Objects now: 2267.
Total: 1.907700 ms (FindLiveObjects: 0.184200 ms CreateObjectMapping: 0.063900 ms MarkObjects: 1.636700 ms  DeleteObjects: 0.021300 ms)

========================================================================
Received Prepare
Registering precompiled user dll's ...
Registered in 0.001042 seconds.
Begin MonoManager ReloadAssembly
Native extension for WindowsStandalone target not found
Refreshing native plugins compatible for Editor in 0.64 ms, found 1 plugins.
Preloading 0 native plugins for Editor in 0.00 ms.
Mono: successfully reloaded assembly
- Completed reload, in  1.107 seconds
Platform modules already initialized, skipping
Refreshing native plugins compatible for Editor in 0.44 ms, found 1 plugins.
Preloading 0 native plugins for Editor in 0.00 ms.
Unloading 1804 Unused Serialized files (Serialized files now loaded: 0)
System memory in use before: 84.7 MB.
System memory in use after: 84.8 MB.

Unloading 8 unused Assets to reduce memory usage. Loaded Objects now: 2270.
Total: 2.251000 ms (FindLiveObjects: 0.287400 ms CreateObjectMapping: 0.117100 ms MarkObjects: 1.826200 ms  DeleteObjects: 0.018700 ms)

========================================================================
Received Prepare
Registering precompiled user dll's ...
Registered in 0.001004 seconds.
Begin MonoManager ReloadAssembly
Native extension for WindowsStandalone target not found
Refreshing native plugins compatible for Editor in 0.64 ms, found 1 plugins.
Preloading 0 native plugins for Editor in 0.00 ms.
Mono: successfully reloaded assembly
- Completed reload, in  1.188 seconds
Platform modules already initialized, skipping
Refreshing native plugins compatible for Editor in 0.36 ms, found 1 plugins.
Preloading 0 native plugins for Editor in 0.00 ms.
Unloading 1804 Unused Serialized files (Serialized files now loaded: 0)
System memory in use before: 84.7 MB.
System memory in use after: 84.8 MB.

Unloading 8 unused Assets to reduce memory usage. Loaded Objects now: 2273.
Total: 2.204200 ms (FindLiveObjects: 0.189600 ms CreateObjectMapping: 0.072500 ms MarkObjects: 1.921500 ms  DeleteObjects: 0.019000 ms)

========================================================================
Received Prepare
Registering precompiled user dll's ...
Registered in 0.003966 seconds.
Begin MonoManager ReloadAssembly
Native extension for WindowsStandalone target not found
Refreshing native plugins compatible for Editor in 0.38 ms, found 1 plugins.
Preloading 0 native plugins for Editor in 0.00 ms.
Mono: successfully reloaded assembly
- Completed reload, in  1.839 seconds
Platform modules already initialized, skipping
Refreshing native plugins compatible for Editor in 0.56 ms, found 1 plugins.
Preloading 0 native plugins for Editor in 0.00 ms.
Unloading 1804 Unused Serialized files (Serialized files now loaded: 0)
System memory in use before: 84.7 MB.
System memory in use after: 84.8 MB.

Unloading 8 unused Assets to reduce memory usage. Loaded Objects now: 2276.
Total: 3.186100 ms (FindLiveObjects: 0.879900 ms CreateObjectMapping: 0.126100 ms MarkObjects: 2.160400 ms  DeleteObjects: 0.017000 ms)

========================================================================
Received Prepare
Registering precompiled user dll's ...
Registered in 0.001633 seconds.
Begin MonoManager ReloadAssembly
Native extension for WindowsStandalone target not found
Refreshing native plugins compatible for Editor in 1.30 ms, found 1 plugins.
Preloading 0 native plugins for Editor in 0.00 ms.
Mono: successfully reloaded assembly
- Completed reload, in  1.961 seconds
Platform modules already initialized, skipping
Refreshing native plugins compatible for Editor in 0.38 ms, found 1 plugins.
Preloading 0 native plugins for Editor in 0.00 ms.
Unloading 1804 Unused Serialized files (Serialized files now loaded: 0)
System memory in use before: 84.7 MB.
System memory in use after: 84.8 MB.

Unloading 8 unused Assets to reduce memory usage. Loaded Objects now: 2279.
Total: 2.949400 ms (FindLiveObjects: 0.220200 ms CreateObjectMapping: 0.119000 ms MarkObjects: 2.558900 ms  DeleteObjects: 0.048900 ms)

========================================================================
Received Prepare
Registering precompiled user dll's ...
Registered in 0.002146 seconds.
Begin MonoManager ReloadAssembly
Native extension for WindowsStandalone target not found
Refreshing native plugins compatible for Editor in 0.38 ms, found 1 plugins.
Preloading 0 native plugins for Editor in 0.00 ms.
Mono: successfully reloaded assembly
- Completed reload, in  1.638 seconds
Platform modules already initialized, skipping
Refreshing native plugins compatible for Editor in 0.61 ms, found 1 plugins.
Preloading 0 native plugins for Editor in 0.00 ms.
Unloading 1804 Unused Serialized files (Serialized files now loaded: 0)
System memory in use before: 84.7 MB.
System memory in use after: 84.8 MB.

Unloading 8 unused Assets to reduce memory usage. Loaded Objects now: 2282.
Total: 3.020900 ms (FindLiveObjects: 0.317600 ms CreateObjectMapping: 0.162600 ms MarkObjects: 2.517300 ms  DeleteObjects: 0.021500 ms)

========================================================================
Received Prepare
Registering precompiled user dll's ...
Registered in 0.001140 seconds.
Begin MonoManager ReloadAssembly
Native extension for WindowsStandalone target not found
Refreshing native plugins compatible for Editor in 0.37 ms, found 1 plugins.
Preloading 0 native plugins for Editor in 0.00 ms.
Mono: successfully reloaded assembly
- Completed reload, in  1.026 seconds
Platform modules already initialized, skipping
Refreshing native plugins compatible for Editor in 0.43 ms, found 1 plugins.
Preloading 0 native plugins for Editor in 0.00 ms.
Unloading 1804 Unused Serialized files (Serialized files now loaded: 0)
System memory in use before: 84.7 MB.
System memory in use after: 84.8 MB.

Unloading 8 unused Assets to reduce memory usage. Loaded Objects now: 2285.
Total: 1.883400 ms (FindLiveObjects: 0.195900 ms CreateObjectMapping: 0.067900 ms MarkObjects: 1.593100 ms  DeleteObjects: 0.025100 ms)

========================================================================
Received Prepare
Registering precompiled user dll's ...
Registered in 0.001148 seconds.
Begin MonoManager ReloadAssembly
Native extension for WindowsStandalone target not found
Refreshing native plugins compatible for Editor in 0.37 ms, found 1 plugins.
Preloading 0 native plugins for Editor in 0.00 ms.
Mono: successfully reloaded assembly
- Completed reload, in  1.112 seconds
Platform modules already initialized, skipping
Refreshing native plugins compatible for Editor in 0.40 ms, found 1 plugins.
Preloading 0 native plugins for Editor in 0.00 ms.
Unloading 1804 Unused Serialized files (Serialized files now loaded: 0)
System memory in use before: 84.7 MB.
System memory in use after: 84.8 MB.

Unloading 8 unused Assets to reduce memory usage. Loaded Objects now: 2288.
Total: 2.142200 ms (FindLiveObjects: 0.164900 ms CreateObjectMapping: 0.058200 ms MarkObjects: 1.900200 ms  DeleteObjects: 0.017600 ms)

========================================================================
Received Prepare
Registering precompiled user dll's ...
Registered in 0.001381 seconds.
Begin MonoManager ReloadAssembly
Native extension for WindowsStandalone target not found
Refreshing native plugins compatible for Editor in 0.44 ms, found 1 plugins.
Preloading 0 native plugins for Editor in 0.00 ms.
Mono: successfully reloaded assembly
- Completed reload, in  1.115 seconds
Platform modules already initialized, skipping
Refreshing native plugins compatible for Editor in 0.47 ms, found 1 plugins.
Preloading 0 native plugins for Editor in 0.00 ms.
Unloading 1804 Unused Serialized files (Serialized files now loaded: 0)
System memory in use before: 84.7 MB.
System memory in use after: 84.8 MB.

Unloading 8 unused Assets to reduce memory usage. Loaded Objects now: 2291.
Total: 2.354000 ms (FindLiveObjects: 0.325100 ms CreateObjectMapping: 0.172700 ms MarkObjects: 1.838800 ms  DeleteObjects: 0.015900 ms)

========================================================================
Received Prepare
Registering precompiled user dll's ...
Registered in 0.001118 seconds.
Begin MonoManager ReloadAssembly
Native extension for WindowsStandalone target not found
Refreshing native plugins compatible for Editor in 0.43 ms, found 1 plugins.
Preloading 0 native plugins for Editor in 0.00 ms.
Mono: successfully reloaded assembly
- Completed reload, in  1.223 seconds
Platform modules already initialized, skipping
Refreshing native plugins compatible for Editor in 0.38 ms, found 1 plugins.
Preloading 0 native plugins for Editor in 0.00 ms.
Unloading 1804 Unused Serialized files (Serialized files now loaded: 0)
System memory in use before: 84.7 MB.
System memory in use after: 84.9 MB.

Unloading 8 unused Assets to reduce memory usage. Loaded Objects now: 2294.
Total: 1.841700 ms (FindLiveObjects: 0.194600 ms CreateObjectMapping: 0.074800 ms MarkObjects: 1.554200 ms  DeleteObjects: 0.016900 ms)

========================================================================
Received Import Request.
  Time since last request: 4857.581760 seconds.
  path: Assets/Script/ProceduralGenerationScript.cs
  artifactKey: Guid(b17d9d8a0b7fd784a969dc20d0ee2171) Importer(815301076,1909f56bfc062723c751e8b465ee728b)
Start importing Assets/Script/ProceduralGenerationScript.cs using Guid(b17d9d8a0b7fd784a969dc20d0ee2171) Importer(815301076,1909f56bfc062723c751e8b465ee728b)  -> (artifact id: '54bc8f44ff8730ab0787f46bf0392d6d') in 0.027661 seconds
  Import took 0.037044 seconds .

========================================================================
Received Prepare
Registering precompiled user dll's ...
Registered in 0.001988 seconds.
Begin MonoManager ReloadAssembly
Native extension for WindowsStandalone target not found
Refreshing native plugins compatible for Editor in 0.38 ms, found 1 plugins.
Preloading 0 native plugins for Editor in 0.00 ms.
Mono: successfully reloaded assembly
- Completed reload, in  1.230 seconds
Platform modules already initialized, skipping
Refreshing native plugins compatible for Editor in 0.38 ms, found 1 plugins.
Preloading 0 native plugins for Editor in 0.00 ms.
Unloading 1804 Unused Serialized files (Serialized files now loaded: 0)
System memory in use before: 84.8 MB.
System memory in use after: 84.9 MB.

Unloading 8 unused Assets to reduce memory usage. Loaded Objects now: 2297.
Total: 2.006200 ms (FindLiveObjects: 0.220200 ms CreateObjectMapping: 0.071100 ms MarkObjects: 1.690300 ms  DeleteObjects: 0.022600 ms)

========================================================================
Received Import Request.
  Time since last request: 149.042297 seconds.
  path: Assets/Script/ProceduralGenerationScript.cs
  artifactKey: Guid(b17d9d8a0b7fd784a969dc20d0ee2171) Importer(815301076,1909f56bfc062723c751e8b465ee728b)
Start importing Assets/Script/ProceduralGenerationScript.cs using Guid(b17d9d8a0b7fd784a969dc20d0ee2171) Importer(815301076,1909f56bfc062723c751e8b465ee728b)  -> (artifact id: '2099bcf88f46a53da03727c96b22a109') in 0.011918 seconds
  Import took 0.028398 seconds .

========================================================================
Received Import Request.
  Time since last request: 0.041612 seconds.
  path: Assets/Script/ProceduralGenerationScript.cs
  artifactKey: Guid(b17d9d8a0b7fd784a969dc20d0ee2171) Importer(815301076,1909f56bfc062723c751e8b465ee728b)
Start importing Assets/Script/ProceduralGenerationScript.cs using Guid(b17d9d8a0b7fd784a969dc20d0ee2171) Importer(815301076,1909f56bfc062723c751e8b465ee728b)  -> (artifact id: '2099bcf88f46a53da03727c96b22a109') in 0.005749 seconds
  Import took 0.016811 seconds .

========================================================================
Received Prepare
Registering precompiled user dll's ...
Registered in 0.001733 seconds.
Begin MonoManager ReloadAssembly
Native extension for WindowsStandalone target not found
Refreshing native plugins compatible for Editor in 0.63 ms, found 1 plugins.
Preloading 0 native plugins for Editor in 0.00 ms.
Mono: successfully reloaded assembly
- Completed reload, in  2.064 seconds
Platform modules already initialized, skipping
Refreshing native plugins compatible for Editor in 0.44 ms, found 1 plugins.
Preloading 0 native plugins for Editor in 0.00 ms.
Unloading 1804 Unused Serialized files (Serialized files now loaded: 0)
System memory in use before: 84.8 MB.
System memory in use after: 84.9 MB.

Unloading 8 unused Assets to reduce memory usage. Loaded Objects now: 2300.
Total: 2.272200 ms (FindLiveObjects: 0.186600 ms CreateObjectMapping: 0.071200 ms MarkObjects: 1.994300 ms  DeleteObjects: 0.018200 ms)

========================================================================
Received Import Request.
  Time since last request: 21.178906 seconds.
  path: Assets/Script/ProceduralGenerationScript.cs
  artifactKey: Guid(b17d9d8a0b7fd784a969dc20d0ee2171) Importer(815301076,1909f56bfc062723c751e8b465ee728b)
Start importing Assets/Script/ProceduralGenerationScript.cs using Guid(b17d9d8a0b7fd784a969dc20d0ee2171) Importer(815301076,1909f56bfc062723c751e8b465ee728b)  -> (artifact id: 'a070a354ef909786d4318f88e6ffc6d3') in 0.011113 seconds
  Import took 0.016006 seconds .

========================================================================
Received Import Request.
  Time since last request: 0.043305 seconds.
  path: Assets/Script/ProceduralGenerationScript.cs
  artifactKey: Guid(b17d9d8a0b7fd784a969dc20d0ee2171) Importer(815301076,1909f56bfc062723c751e8b465ee728b)
Start importing Assets/Script/ProceduralGenerationScript.cs using Guid(b17d9d8a0b7fd784a969dc20d0ee2171) Importer(815301076,1909f56bfc062723c751e8b465ee728b)  -> (artifact id: 'a070a354ef909786d4318f88e6ffc6d3') in 0.005382 seconds
  Import took 0.011148 seconds .

========================================================================
Received Prepare
Registering precompiled user dll's ...
Registered in 0.001104 seconds.
Begin MonoManager ReloadAssembly
Native extension for WindowsStandalone target not found
Refreshing native plugins compatible for Editor in 0.37 ms, found 1 plugins.
Preloading 0 native plugins for Editor in 0.00 ms.
Mono: successfully reloaded assembly
- Completed reload, in  1.560 seconds
Platform modules already initialized, skipping
Refreshing native plugins compatible for Editor in 0.36 ms, found 1 plugins.
Preloading 0 native plugins for Editor in 0.00 ms.
Unloading 1804 Unused Serialized files (Serialized files now loaded: 0)
System memory in use before: 84.8 MB.
System memory in use after: 84.9 MB.

Unloading 8 unused Assets to reduce memory usage. Loaded Objects now: 2303.
Total: 2.430900 ms (FindLiveObjects: 0.286800 ms CreateObjectMapping: 0.101400 ms MarkObjects: 2.023700 ms  DeleteObjects: 0.017800 ms)

========================================================================
Received Prepare
Registering precompiled user dll's ...
Registered in 0.002133 seconds.
Begin MonoManager ReloadAssembly
Native extension for WindowsStandalone target not found
Refreshing native plugins compatible for Editor in 0.37 ms, found 1 plugins.
Preloading 0 native plugins for Editor in 0.00 ms.
Mono: successfully reloaded assembly
- Completed reload, in  1.273 seconds
Platform modules already initialized, skipping
Refreshing native plugins compatible for Editor in 0.37 ms, found 1 plugins.
Preloading 0 native plugins for Editor in 0.00 ms.
Unloading 1804 Unused Serialized files (Serialized files now loaded: 0)
System memory in use before: 84.8 MB.
System memory in use after: 84.9 MB.

Unloading 8 unused Assets to reduce memory usage. Loaded Objects now: 2306.
Total: 2.048200 ms (FindLiveObjects: 0.204900 ms CreateObjectMapping: 0.076200 ms MarkObjects: 1.744100 ms  DeleteObjects: 0.019500 ms)

========================================================================
Received Prepare
Registering precompiled user dll's ...
Registered in 0.001137 seconds.
Begin MonoManager ReloadAssembly
Native extension for WindowsStandalone target not found
Refreshing native plugins compatible for Editor in 0.67 ms, found 1 plugins.
Preloading 0 native plugins for Editor in 0.00 ms.
Mono: successfully reloaded assembly
- Completed reload, in  1.481 seconds
Platform modules already initialized, skipping
Refreshing native plugins compatible for Editor in 0.37 ms, found 1 plugins.
Preloading 0 native plugins for Editor in 0.00 ms.
Unloading 1804 Unused Serialized files (Serialized files now loaded: 0)
System memory in use before: 84.8 MB.
System memory in use after: 84.9 MB.

Unloading 8 unused Assets to reduce memory usage. Loaded Objects now: 2309.
Total: 2.585200 ms (FindLiveObjects: 0.395200 ms CreateObjectMapping: 0.332600 ms MarkObjects: 1.836900 ms  DeleteObjects: 0.017500 ms)

========================================================================
Received Prepare
Registering precompiled user dll's ...
Registered in 0.002390 seconds.
Begin MonoManager ReloadAssembly
Native extension for WindowsStandalone target not found
Refreshing native plugins compatible for Editor in 0.61 ms, found 1 plugins.
Preloading 0 native plugins for Editor in 0.00 ms.
Mono: successfully reloaded assembly
- Completed reload, in  1.784 seconds
Platform modules already initialized, skipping
Refreshing native plugins compatible for Editor in 0.87 ms, found 1 plugins.
Preloading 0 native plugins for Editor in 0.00 ms.
Unloading 1804 Unused Serialized files (Serialized files now loaded: 0)
System memory in use before: 84.8 MB.
System memory in use after: 84.9 MB.

Unloading 8 unused Assets to reduce memory usage. Loaded Objects now: 2312.
Total: 2.008600 ms (FindLiveObjects: 0.191400 ms CreateObjectMapping: 0.073300 ms MarkObjects: 1.725000 ms  DeleteObjects: 0.017200 ms)

========================================================================
Received Prepare
Registering precompiled user dll's ...
Registered in 0.001876 seconds.
Begin MonoManager ReloadAssembly
Native extension for WindowsStandalone target not found
Refreshing native plugins compatible for Editor in 0.88 ms, found 1 plugins.
Preloading 0 native plugins for Editor in 0.00 ms.
Mono: successfully reloaded assembly
- Completed reload, in  6.973 seconds
Platform modules already initialized, skipping
Refreshing native plugins compatible for Editor in 4.11 ms, found 1 plugins.
Preloading 0 native plugins for Editor in 0.00 ms.
Unloading 1804 Unused Serialized files (Serialized files now loaded: 0)
System memory in use before: 84.8 MB.
System memory in use after: 84.9 MB.

Unloading 8 unused Assets to reduce memory usage. Loaded Objects now: 2315.
Total: 34.443700 ms (FindLiveObjects: 1.796600 ms CreateObjectMapping: 0.137500 ms MarkObjects: 32.163900 ms  DeleteObjects: 0.022800 ms)

========================================================================
Received Prepare
Registering precompiled user dll's ...
Registered in 0.001399 seconds.
Begin MonoManager ReloadAssembly
Native extension for WindowsStandalone target not found
Refreshing native plugins compatible for Editor in 0.39 ms, found 1 plugins.
Preloading 0 native plugins for Editor in 0.00 ms.
Mono: successfully reloaded assembly
- Completed reload, in  1.703 seconds
Platform modules already initialized, skipping
Refreshing native plugins compatible for Editor in 0.41 ms, found 1 plugins.
Preloading 0 native plugins for Editor in 0.00 ms.
Unloading 1804 Unused Serialized files (Serialized files now loaded: 0)
System memory in use before: 84.8 MB.
System memory in use after: 84.9 MB.

Unloading 8 unused Assets to reduce memory usage. Loaded Objects now: 2318.
Total: 2.455300 ms (FindLiveObjects: 0.197400 ms CreateObjectMapping: 0.077800 ms MarkObjects: 2.159500 ms  DeleteObjects: 0.018600 ms)

========================================================================
Received Prepare
Registering precompiled user dll's ...
Registered in 0.001168 seconds.
Begin MonoManager ReloadAssembly
Native extension for WindowsStandalone target not found
Refreshing native plugins compatible for Editor in 0.59 ms, found 1 plugins.
Preloading 0 native plugins for Editor in 0.00 ms.
Mono: successfully reloaded assembly
- Completed reload, in  4.013 seconds
Platform modules already initialized, skipping
Refreshing native plugins compatible for Editor in 2.01 ms, found 1 plugins.
Preloading 0 native plugins for Editor in 0.00 ms.
Unloading 1804 Unused Serialized files (Serialized files now loaded: 0)
System memory in use before: 84.8 MB.
System memory in use after: 84.9 MB.

Unloading 8 unused Assets to reduce memory usage. Loaded Objects now: 2321.
Total: 20.565600 ms (FindLiveObjects: 1.502200 ms CreateObjectMapping: 0.740400 ms MarkObjects: 18.297800 ms  DeleteObjects: 0.023000 ms)

========================================================================
Received Prepare
Registering precompiled user dll's ...
Registered in 0.001718 seconds.
Begin MonoManager ReloadAssembly
Native extension for WindowsStandalone target not found
Refreshing native plugins compatible for Editor in 0.54 ms, found 1 plugins.
Preloading 0 native plugins for Editor in 0.00 ms.
Mono: successfully reloaded assembly
- Completed reload, in  1.303 seconds
Platform modules already initialized, skipping
Refreshing native plugins compatible for Editor in 0.37 ms, found 1 plugins.
Preloading 0 native plugins for Editor in 0.00 ms.
Unloading 1804 Unused Serialized files (Serialized files now loaded: 0)
System memory in use before: 84.8 MB.
System memory in use after: 84.9 MB.

Unloading 8 unused Assets to reduce memory usage. Loaded Objects now: 2324.
Total: 1.941200 ms (FindLiveObjects: 0.193700 ms CreateObjectMapping: 0.075700 ms MarkObjects: 1.653400 ms  DeleteObjects: 0.017200 ms)

========================================================================
Received Prepare
Registering precompiled user dll's ...
Registered in 0.004094 seconds.
Begin MonoManager ReloadAssembly
Native extension for WindowsStandalone target not found
Refreshing native plugins compatible for Editor in 0.48 ms, found 1 plugins.
Preloading 0 native plugins for Editor in 0.00 ms.
Mono: successfully reloaded assembly
- Completed reload, in  1.790 seconds
Platform modules already initialized, skipping
Refreshing native plugins compatible for Editor in 0.37 ms, found 1 plugins.
Preloading 0 native plugins for Editor in 0.00 ms.
Unloading 1804 Unused Serialized files (Serialized files now loaded: 0)
System memory in use before: 84.8 MB.
System memory in use after: 84.9 MB.

Unloading 8 unused Assets to reduce memory usage. Loaded Objects now: 2327.
Total: 2.588400 ms (FindLiveObjects: 0.173900 ms CreateObjectMapping: 0.062400 ms MarkObjects: 2.330800 ms  DeleteObjects: 0.019200 ms)

========================================================================
Received Prepare
Registering precompiled user dll's ...
Registered in 0.004587 seconds.
Begin MonoManager ReloadAssembly
Native extension for WindowsStandalone target not found
Refreshing native plugins compatible for Editor in 0.43 ms, found 1 plugins.
Preloading 0 native plugins for Editor in 0.00 ms.
Mono: successfully reloaded assembly
- Completed reload, in  1.782 seconds
Platform modules already initialized, skipping
Refreshing native plugins compatible for Editor in 0.67 ms, found 1 plugins.
Preloading 0 native plugins for Editor in 0.00 ms.
Unloading 1804 Unused Serialized files (Serialized files now loaded: 0)
System memory in use before: 84.8 MB.
System memory in use after: 85.0 MB.

Unloading 8 unused Assets to reduce memory usage. Loaded Objects now: 2330.
Total: 3.246100 ms (FindLiveObjects: 0.303500 ms CreateObjectMapping: 0.214400 ms MarkObjects: 2.701600 ms  DeleteObjects: 0.024800 ms)

========================================================================
Received Prepare
Registering precompiled user dll's ...
Registered in 0.001577 seconds.
Begin MonoManager ReloadAssembly
Native extension for WindowsStandalone target not found
Refreshing native plugins compatible for Editor in 0.81 ms, found 1 plugins.
Preloading 0 native plugins for Editor in 0.00 ms.
Mono: successfully reloaded assembly
- Completed reload, in  3.911 seconds
Platform modules already initialized, skipping
Refreshing native plugins compatible for Editor in 11.03 ms, found 1 plugins.
Preloading 0 native plugins for Editor in 0.00 ms.
Unloading 1804 Unused Serialized files (Serialized files now loaded: 0)
System memory in use before: 84.8 MB.
System memory in use after: 85.0 MB.

Unloading 8 unused Assets to reduce memory usage. Loaded Objects now: 2333.
Total: 12.224800 ms (FindLiveObjects: 1.069400 ms CreateObjectMapping: 1.621800 ms MarkObjects: 9.468000 ms  DeleteObjects: 0.063100 ms)

========================================================================
Received Prepare
Registering precompiled user dll's ...
Registered in 0.001092 seconds.
Begin MonoManager ReloadAssembly
Native extension for WindowsStandalone target not found
Refreshing native plugins compatible for Editor in 0.48 ms, found 1 plugins.
Preloading 0 native plugins for Editor in 0.00 ms.
Mono: successfully reloaded assembly
- Completed reload, in  1.299 seconds
Platform modules already initialized, skipping
Refreshing native plugins compatible for Editor in 1.31 ms, found 1 plugins.
Preloading 0 native plugins for Editor in 0.00 ms.
Unloading 1804 Unused Serialized files (Serialized files now loaded: 0)
System memory in use before: 84.9 MB.
System memory in use after: 85.0 MB.

Unloading 8 unused Assets to reduce memory usage. Loaded Objects now: 2336.
Total: 2.212100 ms (FindLiveObjects: 0.230800 ms CreateObjectMapping: 0.149800 ms MarkObjects: 1.812700 ms  DeleteObjects: 0.016800 ms)

AssetImportWorkerClient::OnTransportError - code=2 error=End of file
